<?xml version="1.0" encoding="UTF-8"?>
<!-- Generated by org.testng.reporters.JUnitReportReporter -->
<testsuite skipped="0" hostname="LAPTOP-3TKAIMNN" name="com.herokuapp.restfulbooker.GetBookingTests" tests="1" failures="0" timestamp="2020-04-11T15:29:55 PDT" time="3.262" errors="0">
  <testcase name="getBookingTest" time="3.262" classname="com.herokuapp.restfulbooker.GetBookingTests"/>
  <system-out/>
</testsuite> <!-- com.herokuapp.restfulbooker.GetBookingTests -->
