<?xml version="1.0" encoding="UTF-8"?>
<!-- Generated by org.testng.reporters.JUnitReportReporter -->
<testsuite skipped="0" hostname="LAPTOP-3TKAIMNN" name="com.herokuapp.restfulbooker.GetBookingIdsTests" tests="2" failures="0" timestamp="2020-04-12T12:56:01 PDT" time="3.847" errors="0">
  <testcase name="getBookingIdsWithFilterTest" time="2.612" classname="com.herokuapp.restfulbooker.GetBookingIdsTests"/>
  <system-out/>
  <testcase name="getBookingIdsWithoutFilterTest" time="1.235" classname="com.herokuapp.restfulbooker.GetBookingIdsTests"/>
  <system-out/>
</testsuite> <!-- com.herokuapp.restfulbooker.GetBookingIdsTests -->
