<?xml version="1.0" encoding="UTF-8"?>
<!-- Generated by org.testng.reporters.JUnitReportReporter -->
<testsuite skipped="0" hostname="LAPTOP-3TKAIMNN" name="com.herokuapp.restfulbooker.UpdateBookingTests" tests="1" failures="0" timestamp="2020-04-11T16:38:53 PDT" time="4.464" errors="0">
  <testcase name="updateBookingTest" time="4.464" classname="com.herokuapp.restfulbooker.UpdateBookingTests"/>
  <system-out/>
</testsuite> <!-- com.herokuapp.restfulbooker.UpdateBookingTests -->
