<?xml version="1.0" encoding="UTF-8"?>
<!-- Generated by org.testng.reporters.JUnitReportReporter -->
<testsuite skipped="0" hostname="LAPTOP-3TKAIMNN" name="com.herokuapp.restfulbooker.DeleteBookingTests" tests="1" failures="0" timestamp="2020-04-11T17:11:11 PDT" time="5.032" errors="0">
  <testcase name="deleteBookingTest" time="5.032" classname="com.herokuapp.restfulbooker.DeleteBookingTests"/>
  <system-out/>
</testsuite> <!-- com.herokuapp.restfulbooker.DeleteBookingTests -->
