<?xml version="1.0" encoding="UTF-8"?>
<!-- Generated by org.testng.reporters.JUnitReportReporter -->
<testsuite skipped="0" hostname="LAPTOP-3TKAIMNN" name="com.herokuapp.restfulbooker.CreateBookingTests" tests="1" failures="0" timestamp="2020-04-11T16:14:44 PDT" time="3.474" errors="0">
  <testcase name="createBookingTest" time="3.474" classname="com.herokuapp.restfulbooker.CreateBookingTests"/>
  <system-out/>
</testsuite> <!-- com.herokuapp.restfulbooker.CreateBookingTests -->
