<?xml version="1.0" encoding="UTF-8"?>
<!-- Generated by org.testng.reporters.JUnitReportReporter -->
<testsuite skipped="0" hostname="LAPTOP-3TKAIMNN" name="com.herokuapp.restfulbooker.GetBookingIdsTests" tests="1" failures="0" timestamp="2020-04-11T14:13:02 PDT" time="3.707" errors="0">
  <testcase name="getBookingIdsWithoutFilterTest" time="3.707" classname="com.herokuapp.restfulbooker.GetBookingIdsTests"/>
  <system-out/>
</testsuite> <!-- com.herokuapp.restfulbooker.GetBookingIdsTests -->
