<?xml version="1.0" encoding="UTF-8"?>
<!-- Generated by org.testng.reporters.JUnitReportReporter -->
<testsuite skipped="0" hostname="LAPTOP-3TKAIMNN" name="com.herokuapp.restfulbooker.GetBookingTests" tests="1" failures="0" timestamp="2020-04-12T12:38:45 PDT" time="4.193" errors="0">
  <testcase name="getBookingTest" time="4.193" classname="com.herokuapp.restfulbooker.GetBookingTests"/>
  <system-out/>
</testsuite> <!-- com.herokuapp.restfulbooker.GetBookingTests -->
