<?xml version="1.0" encoding="UTF-8"?>
<!-- Generated by org.testng.reporters.JUnitReportReporter -->
<testsuite skipped="1" hostname="LAPTOP-3TKAIMNN" name="com.herokuapp.restfulbooker.GetBookingTests" tests="2" failures="0" timestamp="2020-04-12T13:55:39 PDT" time="4.393" errors="0">
  <testcase name="getBookingXMLTest" time="4.393" classname="com.herokuapp.restfulbooker.GetBookingTests"/>
  <system-out/>
  <testcase name="getBookingTest" classname="com.herokuapp.restfulbooker.GetBookingTests">
    <skipped/>
  </testcase> <!-- getBookingTest -->
  <system-out/>
</testsuite> <!-- com.herokuapp.restfulbooker.GetBookingTests -->
