<?xml version="1.0" encoding="UTF-8"?>
<!-- Generated by org.testng.reporters.JUnitReportReporter -->
<testsuite skipped="0" hostname="LAPTOP-3TKAIMNN" name="com.herokuapp.restfulbooker.GetBookingTests" tests="1" failures="0" timestamp="2020-04-12T12:55:50 PDT" time="4.220" errors="0">
  <testcase name="getBookingTest" time="4.220" classname="com.herokuapp.restfulbooker.GetBookingTests"/>
  <system-out/>
</testsuite> <!-- com.herokuapp.restfulbooker.GetBookingTests -->
