<?xml version="1.0" encoding="UTF-8"?>
<!-- Generated by org.testng.reporters.JUnitReportReporter -->
<testsuite skipped="0" hostname="LAPTOP-3TKAIMNN" name="com.herokuapp.restfulbooker.PartialUpdateBookingTests" tests="1" failures="0" timestamp="2020-04-11T16:53:38 PDT" time="4.158" errors="0">
  <testcase name="partialUpdateBookingTest" time="4.158" classname="com.herokuapp.restfulbooker.PartialUpdateBookingTests"/>
  <system-out/>
</testsuite> <!-- com.herokuapp.restfulbooker.PartialUpdateBookingTests -->
