<?xml version="1.0" encoding="UTF-8"?>
<!-- Generated by org.testng.reporters.JUnitReportReporter -->
<testsuite skipped="0" hostname="LAPTOP-3TKAIMNN" name="com.herokuapp.restfulbooker.HealthCheckTest" tests="1" failures="0" timestamp="2020-04-11T13:58:14 PDT" time="2.661" errors="0">
  <testcase name="healthCheckTest" time="2.661" classname="com.herokuapp.restfulbooker.HealthCheckTest"/>
  <system-out/>
</testsuite> <!-- com.herokuapp.restfulbooker.HealthCheckTest -->
