<?xml version="1.0" encoding="UTF-8"?>
<!-- Generated by org.testng.reporters.JUnitReportReporter -->
<testsuite skipped="1" hostname="LAPTOP-3TKAIMNN" name="com.herokuapp.restfulbooker.CreateBookingTests" tests="2" failures="0" timestamp="2020-04-12T14:59:01 PDT" time="3.071" errors="0">
  <testcase name="createBookingWithPOJOTest" time="3.071" classname="com.herokuapp.restfulbooker.CreateBookingTests"/>
  <system-out/>
  <testcase name="createBookingTest" classname="com.herokuapp.restfulbooker.CreateBookingTests">
    <skipped/>
  </testcase> <!-- createBookingTest -->
  <system-out/>
</testsuite> <!-- com.herokuapp.restfulbooker.CreateBookingTests -->
