<?xml version="1.0" encoding="UTF-8"?>
<!-- Generated by org.testng.reporters.JUnitReportReporter -->
<testsuite skipped="0" hostname="LAPTOP-3TKAIMNN" name="com.herokuapp.restfulbooker.HealthCheckTest" tests="2" failures="0" timestamp="2020-04-12T14:31:44 PDT" time="3.332" errors="0">
  <testcase name="headersAndCookiesTest" time="2.587" classname="com.herokuapp.restfulbooker.HealthCheckTest"/>
  <system-out/>
  <testcase name="healthCheckTest" time="0.745" classname="com.herokuapp.restfulbooker.HealthCheckTest"/>
  <system-out/>
</testsuite> <!-- com.herokuapp.restfulbooker.HealthCheckTest -->
